TN:
SF:/Users/winnie/Documents/DocSystem/server.js
FN:39,(anonymous_1)
FN:44,(anonymous_2)
FNF:2
FNH:1
FNDA:0,(anonymous_1)
FNDA:1,(anonymous_2)
DA:1,1
DA:2,1
DA:3,1
DA:4,1
DA:5,1
DA:6,1
DA:8,1
DA:9,1
DA:11,1
DA:12,1
DA:14,1
DA:16,1
DA:21,1
DA:22,1
DA:28,1
DA:29,1
DA:31,1
DA:33,1
DA:36,1
DA:38,1
DA:39,1
DA:40,0
DA:44,1
DA:45,1
DA:47,1
LF:25
LH:24
BRDA:31,0,0,1
BRDA:31,0,1,1
BRF:2
BRH:2
end_of_record
TN:
SF:/Users/winnie/Documents/DocSystem/webpack.config.js
FNF:0
FNH:0
DA:1,1
DA:2,1
LF:2
LH:2
BRF:0
BRH:0
end_of_record
TN:
SF:/Users/winnie/Documents/DocSystem/client/actions/actionTypes.js
FNF:0
FNH:0
DA:1,1
DA:2,1
DA:3,1
DA:5,1
DA:6,1
DA:7,1
DA:9,1
DA:11,1
DA:12,1
DA:14,1
DA:15,1
DA:17,1
DA:18,1
DA:20,1
DA:21,1
DA:23,1
DA:25,1
DA:26,1
DA:28,1
DA:29,1
DA:30,1
DA:32,1
DA:33,1
DA:34,1
DA:36,1
DA:38,1
LF:26
LH:26
BRF:0
BRH:0
end_of_record
TN:
SF:/Users/winnie/Documents/DocSystem/client/actions/documentActions.js
FN:14,createDocumentSuccess
FN:17,updateDocumentsSuccess
FN:20,deleteDocumentSuccess
FN:23,getUserDocsSuccess
FN:26,loadsADocumentSuccess
FN:29,loadsRoleDocuments
FN:32,loadsADocumentFailure
FN:35,loadsPagination
FN:38,ajaxCallError
FN:42,createDocument
FN:43,(anonymous_13)
FN:44,(anonymous_14)
FN:47,(anonymous_15)
FN:52,loadDocuments
FN:53,(anonymous_17)
FN:54,(anonymous_18)
FN:57,(anonymous_19)
FN:62,loadRoleDocuments
FN:63,(anonymous_21)
FN:64,(anonymous_22)
FN:66,(anonymous_23)
FN:71,updateDocument
FN:72,(anonymous_25)
FN:73,(anonymous_26)
FN:77,(anonymous_27)
FN:83,deleteDocument
FN:84,(anonymous_29)
FN:85,(anonymous_30)
FN:89,(anonymous_31)
FN:94,getUserDocuments
FN:95,(anonymous_33)
FN:96,(anonymous_34)
FN:99,(anonymous_35)
FN:103,searchDocument
FN:104,(anonymous_37)
FN:105,(anonymous_38)
FN:108,(anonymous_39)
FN:113,paginateDocuments
FN:114,(anonymous_41)
FN:115,(anonymous_42)
FN:118,(anonymous_43)
FNF:41
FNH:34
FNDA:2,createDocumentSuccess
FNDA:1,updateDocumentsSuccess
FNDA:1,deleteDocumentSuccess
FNDA:2,getUserDocsSuccess
FNDA:1,loadsADocumentSuccess
FNDA:2,loadsRoleDocuments
FNDA:1,loadsADocumentFailure
FNDA:1,loadsPagination
FNDA:3,ajaxCallError
FNDA:2,createDocument
FNDA:2,(anonymous_13)
FNDA:1,(anonymous_14)
FNDA:1,(anonymous_15)
FNDA:2,loadDocuments
FNDA:2,(anonymous_17)
FNDA:1,(anonymous_18)
FNDA:1,(anonymous_19)
FNDA:2,loadRoleDocuments
FNDA:2,(anonymous_21)
FNDA:1,(anonymous_22)
FNDA:1,(anonymous_23)
FNDA:0,updateDocument
FNDA:0,(anonymous_25)
FNDA:0,(anonymous_26)
FNDA:0,(anonymous_27)
FNDA:1,deleteDocument
FNDA:1,(anonymous_29)
FNDA:0,(anonymous_30)
FNDA:1,(anonymous_31)
FNDA:1,getUserDocuments
FNDA:1,(anonymous_33)
FNDA:1,(anonymous_34)
FNDA:0,(anonymous_35)
FNDA:2,searchDocument
FNDA:2,(anonymous_37)
FNDA:1,(anonymous_38)
FNDA:1,(anonymous_39)
FNDA:1,paginateDocuments
FNDA:1,(anonymous_41)
FNDA:1,(anonymous_42)
FNDA:0,(anonymous_43)
DA:3,1
DA:4,1
DA:9,1
DA:12,2
DA:15,2
DA:18,1
DA:21,1
DA:24,2
DA:27,1
DA:30,2
DA:33,1
DA:36,1
DA:39,3
DA:43,2
DA:45,1
DA:48,1
DA:49,1
DA:53,2
DA:55,1
DA:58,1
DA:59,1
DA:63,2
DA:65,1
DA:67,1
DA:68,1
DA:72,0
DA:74,0
DA:78,0
DA:80,0
DA:84,1
DA:86,0
DA:91,1
DA:95,1
DA:97,1
DA:100,0
DA:104,2
DA:106,1
DA:109,1
DA:110,1
DA:113,2
DA:114,1
DA:116,1
DA:119,0
LF:43
LH:36
BRDA:113,0,0,1
BRDA:113,0,1,0
BRDA:113,1,0,1
BRDA:113,1,1,1
BRDA:113,2,0,1
BRDA:113,2,1,0
BRDA:113,3,0,1
BRDA:113,3,1,1
BRF:8
BRH:6
end_of_record
TN:
SF:/Users/winnie/Documents/DocSystem/client/actions/roleActions.js
FN:5,createRoleSuccess
FN:8,loadsRolesSuccess
FN:11,deleteRoleSuccess
FN:14,ajaxCallError
FN:18,createRole
FN:19,(anonymous_7)
FN:20,(anonymous_8)
FN:22,(anonymous_9)
FN:27,loadRoles
FN:28,(anonymous_11)
FN:29,(anonymous_12)
FN:33,(anonymous_13)
FN:38,deleteRole
FN:39,(anonymous_15)
FN:40,(anonymous_16)
FN:43,(anonymous_17)
FNF:16
FNH:16
FNDA:2,createRoleSuccess
FNDA:2,loadsRolesSuccess
FNDA:2,deleteRoleSuccess
FNDA:3,ajaxCallError
FNDA:2,createRole
FNDA:2,(anonymous_7)
FNDA:1,(anonymous_8)
FNDA:1,(anonymous_9)
FNDA:2,loadRoles
FNDA:2,(anonymous_11)
FNDA:1,(anonymous_12)
FNDA:1,(anonymous_13)
FNDA:2,deleteRole
FNDA:2,(anonymous_15)
FNDA:1,(anonymous_16)
FNDA:1,(anonymous_17)
DA:1,1
DA:2,1
DA:3,1
DA:6,2
DA:9,2
DA:12,2
DA:15,3
DA:19,2
DA:21,1
DA:23,1
DA:24,1
DA:28,2
DA:30,1
DA:31,1
DA:34,1
DA:35,1
DA:39,2
DA:41,1
DA:44,1
DA:45,1
LF:20
LH:20
BRF:0
BRH:0
end_of_record
TN:
SF:/Users/winnie/Documents/DocSystem/client/actions/userActions.js
FN:9,registerSuccess
FN:12,loadsUsersSuccess
FN:15,loadsUserSuccess
FN:18,deleteUserSuccess
FN:21,loadsUserFailure
FN:24,updateUserSuccess
FN:27,loadsUsersPagination
FN:30,ajaxCallError
FN:34,registerUser
FN:35,(anonymous_11)
FN:35,(anonymous_12)
FN:37,(anonymous_13)
FN:43,logOutUser
FN:47,loadUsers
FN:48,(anonymous_16)
FN:50,(anonymous_17)
FN:53,(anonymous_18)
FN:59,searchUser
FN:60,(anonymous_20)
FN:62,(anonymous_21)
FN:65,(anonymous_22)
FN:71,deleteUser
FN:72,(anonymous_24)
FN:74,(anonymous_25)
FN:77,(anonymous_26)
FN:83,updateUser
FN:84,(anonymous_28)
FN:85,(anonymous_29)
FN:88,(anonymous_30)
FN:92,paginateUsers
FN:93,(anonymous_32)
FN:94,(anonymous_33)
FN:97,(anonymous_34)
FNF:33
FNH:26
FNDA:2,registerSuccess
FNDA:2,loadsUsersSuccess
FNDA:1,loadsUserSuccess
FNDA:2,deleteUserSuccess
FNDA:1,loadsUserFailure
FNDA:1,updateUserSuccess
FNDA:1,loadsUsersPagination
FNDA:2,ajaxCallError
FNDA:1,registerUser
FNDA:1,(anonymous_11)
FNDA:1,(anonymous_12)
FNDA:0,(anonymous_13)
FNDA:0,logOutUser
FNDA:2,loadUsers
FNDA:2,(anonymous_16)
FNDA:1,(anonymous_17)
FNDA:1,(anonymous_18)
FNDA:2,searchUser
FNDA:2,(anonymous_20)
FNDA:1,(anonymous_21)
FNDA:1,(anonymous_22)
FNDA:2,deleteUser
FNDA:2,(anonymous_24)
FNDA:1,(anonymous_25)
FNDA:1,(anonymous_26)
FNDA:0,updateUser
FNDA:0,(anonymous_28)
FNDA:0,(anonymous_29)
FNDA:0,(anonymous_30)
FNDA:1,paginateUsers
FNDA:1,(anonymous_32)
FNDA:1,(anonymous_33)
FNDA:0,(anonymous_34)
DA:1,1
DA:2,1
DA:3,1
DA:10,2
DA:13,2
DA:16,1
DA:19,2
DA:22,1
DA:25,1
DA:28,1
DA:31,2
DA:35,1
DA:36,1
DA:38,0
DA:40,0
DA:44,0
DA:45,0
DA:48,2
DA:49,2
DA:51,1
DA:54,1
DA:55,1
DA:60,2
DA:61,2
DA:63,1
DA:66,1
DA:67,1
DA:72,2
DA:73,2
DA:75,1
DA:78,1
DA:79,1
DA:84,0
DA:86,0
DA:89,0
DA:92,2
DA:93,1
DA:95,1
DA:98,0
LF:39
LH:31
BRDA:92,0,0,1
BRDA:92,0,1,0
BRDA:92,1,0,1
BRDA:92,1,1,1
BRDA:92,2,0,1
BRDA:92,2,1,0
BRDA:92,3,0,1
BRDA:92,3,1,1
BRF:8
BRH:6
end_of_record
TN:
SF:/Users/winnie/Documents/DocSystem/client/actions/userDetail.js
FNF:0
FNH:0
DA:3,0
DA:6,0
DA:9,0
DA:12,0
DA:13,0
DA:14,0
DA:17,0
DA:18,0
DA:20,0
DA:23,1
DA:24,1
DA:27,0
LF:12
LH:2
BRDA:17,0,0,0
BRDA:17,0,1,0
BRF:2
BRH:0
end_of_record
TN:
SF:/Users/winnie/Documents/DocSystem/client/apis/DocumentApi.js
FN:3,documentCreate
FN:9,getDocumentUpdate
FN:15,getAllDocuments
FN:21,getDocumentDelete
FN:26,getUserDocs
FN:31,getADocument
FN:36,getPagination
FN:41,getRoleDocuments
FNF:8
FNH:7
FNDA:2,documentCreate
FNDA:0,getDocumentUpdate
FNDA:2,getAllDocuments
FNDA:1,getDocumentDelete
FNDA:1,getUserDocs
FNDA:2,getADocument
FNDA:1,getPagination
FNDA:2,getRoleDocuments
DA:1,1
DA:4,2
DA:10,0
DA:16,2
DA:22,1
DA:27,1
DA:32,2
DA:37,1
DA:42,2
LF:9
LH:8
BRF:0
BRH:0
end_of_record
TN:
SF:/Users/winnie/Documents/DocSystem/client/apis/RoleApi.js
FN:3,roleCreate
FN:9,getAllRoles
FN:14,getRoleDelete
FNF:3
FNH:3
FNDA:2,roleCreate
FNDA:2,getAllRoles
FNDA:2,getRoleDelete
DA:1,1
DA:4,2
DA:10,2
DA:15,2
LF:4
LH:4
BRF:0
BRH:0
end_of_record
TN:
SF:/Users/winnie/Documents/DocSystem/client/apis/UserApi.js
FN:4,register
FN:14,login
FN:24,getAllUsers
FN:28,getAUser
FN:33,getUserDelete
FN:38,getUserUpdate
FN:44,getUsersPagination
FNF:7
FNH:5
FNDA:1,register
FNDA:0,login
FNDA:2,getAllUsers
FNDA:2,getAUser
FNDA:2,getUserDelete
FNDA:0,getUserUpdate
FNDA:1,getUsersPagination
DA:1,1
DA:2,1
DA:5,1
DA:15,0
DA:25,2
DA:29,2
DA:34,2
DA:39,0
DA:45,1
LF:9
LH:7
BRF:0
BRH:0
end_of_record
TN:
SF:/Users/winnie/Documents/DocSystem/client/reducers/UserReducer.js
FN:4,userReducer
FN:14,(anonymous_4)
FN:20,(anonymous_5)
FNF:3
FNH:3
FNDA:5,userReducer
FNDA:2,(anonymous_4)
FNDA:1,(anonymous_5)
DA:1,1
DA:2,1
DA:4,5
DA:5,5
DA:9,1
DA:14,1
DA:15,2
DA:16,1
DA:20,1
DA:21,1
DA:22,1
DA:24,0
DA:27,0
DA:29,1
DA:31,1
LF:15
LH:13
BRDA:4,0,0,4
BRDA:4,0,1,1
BRDA:4,1,0,5
BRDA:4,1,1,5
BRDA:8,2,0,1
BRDA:8,2,1,1
BRDA:8,2,2,1
BRDA:8,2,3,0
BRDA:8,2,4,1
BRDA:8,2,5,1
BRDA:15,3,0,1
BRDA:15,3,1,1
BRDA:21,4,0,1
BRDA:21,4,1,0
BRF:14
BRH:12
end_of_record
TN:
SF:/Users/winnie/Documents/DocSystem/client/reducers/documentReducer.js
FN:4,documentReducer
FN:17,(anonymous_4)
FN:24,(anonymous_5)
FNF:3
FNH:3
FNDA:7,documentReducer
FNDA:1,(anonymous_4)
FNDA:2,(anonymous_5)
DA:1,1
DA:2,1
DA:4,7
DA:9,7
DA:13,1
DA:17,1
DA:18,1
DA:19,1
DA:21,0
DA:24,1
DA:25,2
DA:26,1
DA:30,1
DA:32,1
DA:34,1
DA:36,1
LF:16
LH:15
BRDA:4,0,0,6
BRDA:4,0,1,1
BRDA:4,1,0,7
BRDA:4,1,1,7
BRDA:12,2,0,1
BRDA:12,2,1,1
BRDA:12,2,2,1
BRDA:12,2,3,1
BRDA:12,2,4,1
BRDA:12,2,5,1
BRDA:12,2,6,1
BRDA:18,3,0,1
BRDA:18,3,1,0
BRDA:25,4,0,1
BRDA:25,4,1,1
BRF:15
BRH:14
end_of_record
TN:
SF:/Users/winnie/Documents/DocSystem/client/reducers/roleReducer.js
FN:4,roleReducer
FN:13,(anonymous_4)
FNF:2
FNH:2
FNDA:4,roleReducer
FNDA:2,(anonymous_4)
DA:1,1
DA:2,1
DA:4,4
DA:5,4
DA:7,1
DA:11,1
DA:13,1
DA:14,2
DA:15,1
DA:19,1
LF:10
LH:10
BRDA:4,0,0,3
BRDA:4,0,1,1
BRDA:4,1,0,4
BRDA:4,1,1,4
BRDA:6,2,0,1
BRDA:6,2,1,1
BRDA:6,2,2,1
BRDA:6,2,3,1
BRDA:14,3,0,1
BRDA:14,3,1,1
BRF:10
BRH:10
end_of_record
TN:
SF:/Users/winnie/Documents/DocSystem/server/controllers/document.js
FN:12,(anonymous_7)
FN:13,(anonymous_8)
FN:29,(anonymous_10)
FN:44,(anonymous_11)
FN:45,(anonymous_12)
FN:56,(anonymous_14)
FN:70,(anonymous_16)
FN:82,(anonymous_18)
FN:93,(anonymous_19)
FN:101,(anonymous_21)
FN:109,(anonymous_22)
FN:127,(anonymous_24)
FNF:12
FNH:11
FNDA:5,(anonymous_7)
FNDA:1,(anonymous_8)
FNDA:1,(anonymous_10)
FNDA:1,(anonymous_11)
FNDA:0,(anonymous_12)
FNDA:2,(anonymous_14)
FNDA:2,(anonymous_16)
FNDA:2,(anonymous_18)
FNDA:1,(anonymous_19)
FNDA:2,(anonymous_21)
FNDA:1,(anonymous_22)
FNDA:2,(anonymous_24)
DA:1,1
DA:5,6
DA:12,5
DA:14,1
DA:20,2
DA:21,1
DA:30,1
DA:31,0
DA:35,1
DA:38,1
DA:44,1
DA:45,0
DA:49,2
DA:50,2
DA:57,2
DA:58,1
DA:62,1
DA:68,2
DA:71,2
DA:72,1
DA:76,1
DA:80,2
DA:83,2
DA:84,1
DA:88,1
DA:93,1
DA:99,2
DA:102,2
DA:103,1
DA:107,1
DA:109,1
DA:113,2
DA:114,2
DA:128,2
DA:129,1
DA:134,1
LF:36
LH:34
BRDA:20,0,0,1
BRDA:20,0,1,1
BRDA:20,1,0,2
BRDA:20,1,1,1
BRDA:30,2,0,0
BRDA:30,2,1,1
BRDA:49,3,0,2
BRDA:49,3,1,0
BRDA:57,4,0,1
BRDA:57,4,1,1
BRDA:71,5,0,1
BRDA:71,5,1,1
BRDA:83,6,0,1
BRDA:83,6,1,1
BRDA:90,7,0,1
BRDA:90,7,1,0
BRDA:91,8,0,1
BRDA:91,8,1,1
BRDA:102,9,0,1
BRDA:102,9,1,1
BRDA:113,10,0,2
BRDA:113,10,1,0
BRDA:128,11,0,1
BRDA:128,11,1,1
BRF:24
BRH:20
end_of_record
TN:
SF:/Users/winnie/Documents/DocSystem/server/controllers/role.js
FN:9,(anonymous_7)
FN:10,(anonymous_8)
FN:15,(anonymous_10)
FN:16,(anonymous_11)
FN:21,(anonymous_13)
FN:29,(anonymous_14)
FNF:6
FNH:5
FNDA:2,(anonymous_7)
FNDA:1,(anonymous_8)
FNDA:1,(anonymous_10)
FNDA:0,(anonymous_11)
FNDA:2,(anonymous_13)
FNDA:1,(anonymous_14)
DA:1,1
DA:5,3
DA:9,2
DA:10,1
DA:13,1
DA:15,1
DA:16,0
DA:19,2
DA:22,2
DA:23,1
DA:27,1
DA:29,1
DA:33,1
LF:13
LH:12
BRDA:22,0,0,1
BRDA:22,0,1,1
BRF:2
BRH:2
end_of_record
TN:
SF:/Users/winnie/Documents/DocSystem/server/controllers/user.js
FN:18,(anonymous_7)
FN:19,(anonymous_8)
FN:30,(anonymous_10)
FN:41,(anonymous_11)
FN:42,(anonymous_12)
FN:47,(anonymous_14)
FN:65,(anonymous_16)
FN:66,(anonymous_17)
FN:72,(anonymous_19)
FN:84,(anonymous_20)
FN:90,(anonymous_22)
FN:98,(anonymous_23)
FN:104,(anonymous_25)
FN:147,(anonymous_28)
FNF:14
FNH:12
FNDA:2,(anonymous_7)
FNDA:1,(anonymous_8)
FNDA:1,(anonymous_10)
FNDA:2,(anonymous_11)
FNDA:0,(anonymous_12)
FNDA:2,(anonymous_14)
FNDA:2,(anonymous_16)
FNDA:1,(anonymous_17)
FNDA:2,(anonymous_19)
FNDA:1,(anonymous_20)
FNDA:1,(anonymous_22)
FNDA:0,(anonymous_23)
FNDA:5,(anonymous_25)
FNDA:1,(anonymous_28)
DA:1,1
DA:2,1
DA:4,1
DA:6,1
DA:9,12
DA:10,3
DA:11,3
DA:18,2
DA:20,1
DA:24,3
DA:25,1
DA:31,1
DA:32,0
DA:36,1
DA:39,2
DA:41,2
DA:42,0
DA:45,2
DA:48,2
DA:49,1
DA:53,1
DA:58,2
DA:65,2
DA:66,1
DA:70,2
DA:73,2
DA:74,1
DA:78,1
DA:84,1
DA:88,1
DA:91,1
DA:92,1
DA:96,0
DA:98,0
DA:102,5
DA:105,5
DA:106,1
DA:108,4
DA:109,1
DA:111,3
DA:120,3
DA:121,3
DA:126,1
DA:127,1
DA:132,1
DA:133,1
DA:148,1
DA:149,1
DA:154,1
LF:49
LH:45
BRDA:24,0,0,1
BRDA:24,0,1,2
BRDA:24,1,0,3
BRDA:24,1,1,2
BRDA:31,2,0,0
BRDA:31,2,1,1
BRDA:48,3,0,1
BRDA:48,3,1,1
BRDA:73,4,0,1
BRDA:73,4,1,1
BRDA:80,5,0,1
BRDA:80,5,1,1
BRDA:81,6,0,1
BRDA:81,6,1,0
BRDA:82,7,0,1
BRDA:82,7,1,1
BRDA:91,8,0,1
BRDA:91,8,1,0
BRDA:105,9,0,1
BRDA:105,9,1,4
BRDA:108,10,0,1
BRDA:108,10,1,3
BRDA:132,11,0,1
BRDA:132,11,1,0
BRDA:148,12,0,0
BRDA:148,12,1,1
BRF:26
BRH:21
end_of_record
TN:
SF:/Users/winnie/Documents/DocSystem/server/models/document.js
FN:1,(anonymous_0)
FN:32,associate
FNF:2
FNH:2
FNDA:1,(anonymous_0)
FNDA:1,associate
DA:1,1
DA:2,1
DA:33,1
DA:40,1
LF:4
LH:4
BRF:0
BRH:0
end_of_record
TN:
SF:/Users/winnie/Documents/DocSystem/server/models/index.js
FN:21,(anonymous_0)
FN:25,(anonymous_1)
FN:30,(anonymous_2)
FNF:3
FNH:3
FNDA:4,(anonymous_0)
FNDA:3,(anonymous_1)
FNDA:3,(anonymous_2)
DA:1,1
DA:2,1
DA:3,1
DA:5,1
DA:6,1
DA:7,1
DA:8,1
DA:10,1
DA:11,1
DA:12,0
DA:14,1
DA:19,1
DA:21,4
DA:26,3
DA:27,3
DA:30,1
DA:31,3
DA:32,3
DA:36,1
DA:37,1
DA:39,1
LF:21
LH:20
BRDA:6,0,0,1
BRDA:6,0,1,0
BRDA:11,1,0,0
BRDA:11,1,1,1
BRDA:22,2,0,4
BRDA:22,2,1,4
BRDA:22,2,2,3
BRDA:31,3,0,3
BRDA:31,3,1,0
BRF:9
BRH:6
end_of_record
TN:
SF:/Users/winnie/Documents/DocSystem/server/models/role.js
FN:1,(anonymous_0)
FN:10,associate
FNF:2
FNH:2
FNDA:1,(anonymous_0)
FNDA:1,associate
DA:1,1
DA:2,1
DA:11,1
DA:18,1
LF:4
LH:4
BRF:0
BRH:0
end_of_record
TN:
SF:/Users/winnie/Documents/DocSystem/server/models/user.js
FN:6,(anonymous_0)
FN:29,associate
FN:41,beforeSave
FN:43,(anonymous_3)
FNF:4
FNH:2
FNDA:1,(anonymous_0)
FNDA:1,associate
FNDA:0,beforeSave
FNDA:0,(anonymous_3)
DA:1,1
DA:2,1
DA:4,1
DA:6,1
DA:7,1
DA:31,1
DA:35,1
DA:42,0
DA:43,0
DA:44,0
DA:50,1
LF:11
LH:8
BRDA:42,0,0,0
BRDA:42,0,1,0
BRF:2
BRH:0
end_of_record
TN:
SF:/Users/winnie/Documents/DocSystem/server/routes/document.js
FN:4,(anonymous_0)
FNF:1
FNH:1
FNDA:1,(anonymous_0)
DA:1,1
DA:2,1
DA:4,1
DA:5,1
DA:6,1
DA:9,1
DA:13,1
DA:15,1
DA:17,1
LF:9
LH:9
BRF:0
BRH:0
end_of_record
TN:
SF:/Users/winnie/Documents/DocSystem/server/routes/index.js
FN:1,(anonymous_0)
FNF:1
FNH:1
FNDA:1,(anonymous_0)
DA:1,1
DA:3,1
DA:5,1
DA:7,1
LF:4
LH:4
BRF:0
BRH:0
end_of_record
TN:
SF:/Users/winnie/Documents/DocSystem/server/routes/role.js
FN:6,(anonymous_0)
FNF:1
FNH:1
FNDA:1,(anonymous_0)
DA:1,1
DA:2,1
DA:4,1
DA:6,1
DA:7,1
DA:10,1
LF:6
LH:6
BRF:0
BRH:0
end_of_record
TN:
SF:/Users/winnie/Documents/DocSystem/server/routes/user.js
FN:4,(anonymous_0)
FNF:1
FNH:1
FNDA:1,(anonymous_0)
DA:1,1
DA:2,1
DA:4,1
DA:5,1
DA:7,1
DA:10,1
DA:14,1
DA:16,1
DA:18,1
DA:20,1
DA:22,1
LF:11
LH:11
BRF:0
BRH:0
end_of_record
TN:
SF:/Users/winnie/Documents/DocSystem/server/routes/middlewares/authorization.js
FN:8,(anonymous_7)
FNF:1
FNH:1
FNDA:24,(anonymous_7)
DA:1,1
DA:3,1
DA:6,24
DA:7,24
DA:8,24
DA:9,24
DA:10,0
DA:12,24
DA:13,24
DA:16,0
DA:23,0
DA:24,0
DA:25,0
DA:27,0
DA:33,1
LF:15
LH:9
BRDA:7,0,0,24
BRDA:7,0,1,0
BRDA:9,1,0,0
BRDA:9,1,1,24
BRDA:24,2,0,0
BRDA:24,2,1,0
BRF:6
BRH:2
end_of_record
