TN:
SF:/Users/winnie/Documents/DocSystem/server.js
FN:39,(anonymous_1)
FN:44,(anonymous_2)
FNF:2
FNH:1
FNDA:1,(anonymous_1)
FNDA:0,(anonymous_2)
DA:1,1
DA:2,1
DA:3,1
DA:4,1
DA:5,1
DA:6,1
DA:8,1
DA:9,1
DA:11,1
DA:12,1
DA:14,1
DA:16,1
DA:21,1
DA:22,1
DA:28,1
DA:29,1
DA:31,1
DA:33,1
DA:36,1
DA:38,1
DA:39,1
DA:40,1
DA:44,1
DA:45,0
DA:47,1
LF:25
LH:24
BRDA:31,0,0,1
BRDA:31,0,1,1
BRF:2
BRH:2
end_of_record
TN:
SF:/Users/winnie/Documents/DocSystem/webapck.config.js
FNF:0
FNH:0
DA:1,1
DA:2,1
LF:2
LH:2
BRF:0
BRH:0
end_of_record
TN:
SF:/Users/winnie/Documents/DocSystem/server/controllers/document.js
FN:12,(anonymous_7)
FN:13,(anonymous_8)
FN:18,(anonymous_10)
FN:19,(anonymous_11)
FN:25,(anonymous_13)
FN:37,(anonymous_15)
FN:47,(anonymous_16)
FN:48,(anonymous_17)
FN:54,(anonymous_19)
FN:62,(anonymous_20)
FN:63,(anonymous_21)
FNF:11
FNH:0
FNDA:0,(anonymous_7)
FNDA:0,(anonymous_8)
FNDA:0,(anonymous_10)
FNDA:0,(anonymous_11)
FNDA:0,(anonymous_13)
FNDA:0,(anonymous_15)
FNDA:0,(anonymous_16)
FNDA:0,(anonymous_17)
FNDA:0,(anonymous_19)
FNDA:0,(anonymous_20)
FNDA:0,(anonymous_21)
DA:1,1
DA:5,0
DA:12,0
DA:13,0
DA:16,0
DA:18,0
DA:19,0
DA:23,0
DA:26,0
DA:27,0
DA:31,0
DA:35,0
DA:38,0
DA:39,0
DA:43,0
DA:47,0
DA:48,0
DA:52,0
DA:55,0
DA:56,0
DA:60,0
DA:62,0
DA:63,0
DA:67,1
LF:24
LH:2
BRDA:26,0,0,0
BRDA:26,0,1,0
BRDA:38,1,0,0
BRDA:38,1,1,0
BRDA:45,2,0,0
BRDA:45,2,1,0
BRDA:55,3,0,0
BRDA:55,3,1,0
BRF:8
BRH:0
end_of_record
TN:
SF:/Users/winnie/Documents/DocSystem/server/controllers/role.js
FN:9,(anonymous_7)
FN:12,(anonymous_8)
FN:17,(anonymous_10)
FN:18,(anonymous_11)
FNF:4
FNH:0
FNDA:0,(anonymous_7)
FNDA:0,(anonymous_8)
FNDA:0,(anonymous_10)
FNDA:0,(anonymous_11)
DA:1,1
DA:5,0
DA:10,0
DA:12,0
DA:15,0
DA:17,0
DA:18,0
DA:21,1
LF:8
LH:2
BRF:0
BRH:0
end_of_record
TN:
SF:/Users/winnie/Documents/DocSystem/server/controllers/user.js
FN:18,(anonymous_7)
FN:19,(anonymous_8)
FN:24,(anonymous_10)
FN:25,(anonymous_11)
FN:30,(anonymous_13)
FN:48,(anonymous_15)
FN:49,(anonymous_16)
FN:55,(anonymous_18)
FN:65,(anonymous_19)
FN:66,(anonymous_20)
FN:72,(anonymous_22)
FN:80,(anonymous_23)
FN:81,(anonymous_24)
FN:88,(anonymous_26)
FN:127,(anonymous_29)
FNF:15
FNH:1
FNDA:0,(anonymous_7)
FNDA:1,(anonymous_8)
FNDA:0,(anonymous_10)
FNDA:0,(anonymous_11)
FNDA:0,(anonymous_13)
FNDA:0,(anonymous_15)
FNDA:0,(anonymous_16)
FNDA:0,(anonymous_18)
FNDA:0,(anonymous_19)
FNDA:0,(anonymous_20)
FNDA:0,(anonymous_22)
FNDA:0,(anonymous_23)
FNDA:0,(anonymous_24)
FNDA:0,(anonymous_26)
FNDA:0,(anonymous_29)
DA:1,1
DA:2,1
DA:3,1
DA:5,1
DA:7,1
DA:11,1
DA:18,0
DA:19,1
DA:22,0
DA:24,0
DA:25,0
DA:28,0
DA:31,0
DA:32,0
DA:36,0
DA:41,0
DA:48,0
DA:49,0
DA:53,0
DA:56,0
DA:57,0
DA:61,0
DA:65,0
DA:66,0
DA:70,0
DA:73,0
DA:74,0
DA:78,0
DA:80,0
DA:81,0
DA:85,0
DA:86,0
DA:89,0
DA:90,0
DA:93,0
DA:94,0
DA:96,0
DA:99,0
DA:100,0
DA:105,0
DA:106,0
DA:107,0
DA:112,0
DA:113,0
DA:128,0
DA:129,0
DA:134,1
LF:47
LH:8
BRDA:31,0,0,0
BRDA:31,0,1,0
BRDA:56,1,0,0
BRDA:56,1,1,0
BRDA:63,2,0,0
BRDA:63,2,1,0
BRDA:73,3,0,0
BRDA:73,3,1,0
BRDA:89,4,0,0
BRDA:89,4,1,0
BRDA:93,5,0,0
BRDA:93,5,1,0
BRDA:112,6,0,0
BRDA:112,6,1,0
BRDA:128,7,0,0
BRDA:128,7,1,0
BRF:16
BRH:0
end_of_record
TN:
SF:/Users/winnie/Documents/DocSystem/server/models/document.js
FN:1,(anonymous_0)
FN:32,associate
FNF:2
FNH:2
FNDA:1,(anonymous_0)
FNDA:1,associate
DA:1,1
DA:2,1
DA:33,1
DA:40,1
LF:4
LH:4
BRF:0
BRH:0
end_of_record
TN:
SF:/Users/winnie/Documents/DocSystem/server/models/index.js
FN:21,(anonymous_0)
FN:25,(anonymous_1)
FN:30,(anonymous_2)
FNF:3
FNH:3
FNDA:4,(anonymous_0)
FNDA:3,(anonymous_1)
FNDA:3,(anonymous_2)
DA:1,1
DA:2,1
DA:3,1
DA:5,1
DA:6,1
DA:7,1
DA:8,1
DA:10,1
DA:11,1
DA:12,0
DA:14,1
DA:19,1
DA:21,4
DA:26,3
DA:27,3
DA:30,1
DA:31,3
DA:32,3
DA:36,1
DA:37,1
DA:39,1
LF:21
LH:20
BRDA:6,0,0,1
BRDA:6,0,1,0
BRDA:11,1,0,0
BRDA:11,1,1,1
BRDA:22,2,0,4
BRDA:22,2,1,4
BRDA:22,2,2,3
BRDA:31,3,0,3
BRDA:31,3,1,0
BRF:9
BRH:6
end_of_record
TN:
SF:/Users/winnie/Documents/DocSystem/server/models/role.js
FN:2,(anonymous_0)
FN:7,associate
FNF:2
FNH:2
FNDA:1,(anonymous_0)
FNDA:1,associate
DA:2,1
DA:3,1
DA:8,1
DA:15,1
LF:4
LH:4
BRF:0
BRH:0
end_of_record
TN:
SF:/Users/winnie/Documents/DocSystem/server/models/user.js
FN:6,(anonymous_0)
FN:35,associate
FN:47,beforeSave
FN:49,(anonymous_3)
FNF:4
FNH:2
FNDA:1,(anonymous_0)
FNDA:1,associate
FNDA:0,beforeSave
FNDA:0,(anonymous_3)
DA:1,1
DA:2,1
DA:4,1
DA:6,1
DA:7,1
DA:37,1
DA:41,1
DA:48,0
DA:49,0
DA:50,0
DA:56,1
LF:11
LH:8
BRDA:48,0,0,0
BRDA:48,0,1,0
BRF:2
BRH:0
end_of_record
TN:
SF:/Users/winnie/Documents/DocSystem/server/routes/document.js
FN:4,(anonymous_0)
FNF:1
FNH:1
FNDA:1,(anonymous_0)
DA:1,1
DA:2,1
DA:4,1
DA:5,1
DA:6,1
DA:9,1
LF:6
LH:6
BRF:0
BRH:0
end_of_record
TN:
SF:/Users/winnie/Documents/DocSystem/server/routes/index.js
FN:1,(anonymous_0)
FNF:1
FNH:1
FNDA:1,(anonymous_0)
DA:1,1
DA:3,1
DA:5,1
DA:7,1
LF:4
LH:4
BRF:0
BRH:0
end_of_record
TN:
SF:/Users/winnie/Documents/DocSystem/server/routes/role.js
FN:3,(anonymous_0)
FNF:1
FNH:1
FNDA:1,(anonymous_0)
DA:1,1
DA:3,1
DA:4,1
LF:3
LH:3
BRF:0
BRH:0
end_of_record
TN:
SF:/Users/winnie/Documents/DocSystem/server/routes/user.js
FN:4,(anonymous_0)
FNF:1
FNH:1
FNDA:1,(anonymous_0)
DA:1,1
DA:2,1
DA:4,1
DA:5,1
DA:6,1
DA:9,1
DA:13,1
DA:15,1
DA:17,1
DA:19,1
LF:10
LH:10
BRF:0
BRH:0
end_of_record
TN:
SF:/Users/winnie/Documents/DocSystem/server/routes/middlewares/authorization.js
FN:6,(anonymous_0)
FN:9,(anonymous_1)
FNF:2
FNH:1
FNDA:4,(anonymous_0)
FNDA:0,(anonymous_1)
DA:2,1
DA:4,1
DA:6,1
DA:7,4
DA:8,4
DA:9,0
DA:10,0
DA:11,0
DA:13,0
DA:14,0
DA:17,4
LF:11
LH:6
BRDA:8,0,0,0
BRDA:8,0,1,4
BRDA:10,1,0,0
BRDA:10,1,1,0
BRF:4
BRH:1
end_of_record
